Forwarding from 127.0.0.1:32700 -> 3306
Forwarding from [::1]:32700 -> 3306
Handling connection for 32700
Handling connection for 32700
Handling connection for 32700
Handling connection for 32700
Handling connection for 32700
Handling connection for 32700
Handling connection for 32700
Handling connection for 32700
Handling connection for 32700
Handling connection for 32700
Handling connection for 32700
Handling connection for 32700
Handling connection for 32700
Handling connection for 32700
Handling connection for 32700
Handling connection for 32700
Handling connection for 32700
Handling connection for 32700
Handling connection for 32700
Handling connection for 32700
Handling connection for 32700
Handling connection for 32700
Handling connection for 32700
Handling connection for 32700
Handling connection for 32700
Handling connection for 32700
Handling connection for 32700
Handling connection for 32700
Handling connection for 32700
Handling connection for 32700
Handling connection for 32700
Handling connection for 32700
Handling connection for 32700
Handling connection for 32700
Handling connection for 32700
Handling connection for 32700
Handling connection for 32700
Handling connection for 32700
Handling connection for 32700
Handling connection for 32700
Handling connection for 32700
Handling connection for 32700
Handling connection for 32700
Handling connection for 32700
Handling connection for 32700
Handling connection for 32700
Handling connection for 32700
Handling connection for 32700
Handling connection for 32700
Handling connection for 32700
Handling connection for 32700
Handling connection for 32700
Handling connection for 32700
Handling connection for 32700
Handling connection for 32700
Handling connection for 32700
Handling connection for 32700
Handling connection for 32700
Handling connection for 32700
Handling connection for 32700
Handling connection for 32700
Handling connection for 32700
Handling connection for 32700
Handling connection for 32700
Handling connection for 32700
Handling connection for 32700
Handling connection for 32700
Handling connection for 32700
Handling connection for 32700
Handling connection for 32700
Handling connection for 32700
Handling connection for 32700
Handling connection for 32700
Handling connection for 32700
Handling connection for 32700
Handling connection for 32700
Handling connection for 32700
Handling connection for 32700
Handling connection for 32700
Handling connection for 32700
Handling connection for 32700
Handling connection for 32700
Handling connection for 32700
Handling connection for 32700
Handling connection for 32700
E0103 13:02:17.616527   41760 portforward.go:409] an error occurred forwarding 32700 -> 3306: error forwarding port 3306 to pod 83b021d614dadbeaf4a5e3890512ca11b8ff0d38a1905fd2f074da524837d0c0, uid : exit status 1: 2024/01/03 04:02:17 socat[776754] E write(5, 0xaaab12407000, 40): Broken pipe
error: lost connection to pod
